[2022-02-24 15:05:41] Ouverture des logs
[2022-02-24 15:05:41] test
[2022-02-24 15:05:41] Ouverture des logs
[2022-02-24 15:05:41] Fermeture des logs
[2022-02-24 15:05:41] Course lancée. Vitesse moto 1 : 120. Vitesse moto 2 : 112
[2022-02-24 15:05:41] Moto 1 gagne
[2022-02-24 15:05:41] Fermeture des logs
[2022-02-24 15:05:41] Ouverture des logs
[2022-02-24 15:05:41] Course lancée. Vitesse moto 1 : 98. Vitesse moto 2 : 164
[2022-02-24 15:05:41] Moto 2 gagne
[2022-02-24 15:05:41] Fermeture des logs
[2022-02-24 15:13:25] Ouverture des logs
[2022-02-24 15:13:25] test
[2022-02-24 15:13:25] Fermeture des logs
[2022-02-24 15:13:31] Ouverture des logs
[2022-02-24 15:13:31] test
[2022-02-24 15:13:31] Ouverture des logs
[2022-02-24 15:13:31] Fermeture des logs
[2022-02-24 15:13:31] Course lancée. Vitesse moto 1 : 120. Vitesse moto 2 : 112
[2022-02-24 15:13:31] Moto 1 gagne
[2022-02-24 15:13:31] Fermeture des logs
[2022-02-24 15:13:31] Ouverture des logs
[2022-02-24 15:13:31] Course lancée. Vitesse moto 1 : 98. Vitesse moto 2 : 164
[2022-02-24 15:13:31] Moto 2 gagne
[2022-02-24 15:13:31] Fermeture des logs
[2022-02-24 15:21:59] Ouverture des logs
[2022-02-24 15:21:59] test
[2022-02-24 15:21:59] Ouverture des logs
[2022-02-24 15:21:59] Fermeture des logs
[2022-02-24 15:21:59] Course lancée. Vitesse moto 1 : 120. Vitesse moto 2 : 112
[2022-02-24 15:21:59] Moto 1 gagne
[2022-02-24 15:21:59] Fermeture des logs
[2022-02-24 15:21:59] Ouverture des logs
[2022-02-24 15:21:59] Course lancée. Vitesse moto 1 : 98. Vitesse moto 2 : 164
[2022-02-24 15:21:59] Moto 2 gagne
[2022-02-24 15:21:59] Fermeture des logs
